[debug] [2024-06-26T19:08:33.196Z] ----------------------------------------------------------------------
[debug] [2024-06-26T19:08:33.199Z] Command:       /home/lucas/.nvm/versions/node/v18.19.1/bin/node /home/lucas/.nvm/versions/node/v18.19.1/bin/firebase deploy
[debug] [2024-06-26T19:08:33.200Z] CLI Version:   13.11.2
[debug] [2024-06-26T19:08:33.200Z] Platform:      linux
[debug] [2024-06-26T19:08:33.201Z] Node Version:  v18.19.1
[debug] [2024-06-26T19:08:33.202Z] Time:          Wed Jun 26 2024 21:08:33 GMT+0200 (Central European Summer Time)
[debug] [2024-06-26T19:08:33.202Z] ----------------------------------------------------------------------
[debug] 
[debug] [2024-06-26T19:08:33.344Z] > command requires scopes: ["email","openid","https://www.googleapis.com/auth/cloudplatformprojects.readonly","https://www.googleapis.com/auth/firebase","https://www.googleapis.com/auth/cloud-platform"]
[debug] [2024-06-26T19:08:33.345Z] > authorizing via signed-in user (lucasvittaz.pro@gmail.com)
[debug] [2024-06-26T19:08:33.346Z] [iam] checking project jardica-front-end for permissions ["cloudfunctions.functions.create","cloudfunctions.functions.delete","cloudfunctions.functions.get","cloudfunctions.functions.list","cloudfunctions.functions.update","cloudfunctions.operations.get","firebase.projects.get","firebasehosting.sites.update"]
[debug] [2024-06-26T19:08:33.349Z] >>> [apiv2][query] POST https://cloudresourcemanager.googleapis.com/v1/projects/jardica-front-end:testIamPermissions [none]
[debug] [2024-06-26T19:08:33.350Z] >>> [apiv2][(partial)header] POST https://cloudresourcemanager.googleapis.com/v1/projects/jardica-front-end:testIamPermissions x-goog-quota-user=projects/jardica-front-end
[debug] [2024-06-26T19:08:33.350Z] >>> [apiv2][body] POST https://cloudresourcemanager.googleapis.com/v1/projects/jardica-front-end:testIamPermissions {"permissions":["cloudfunctions.functions.create","cloudfunctions.functions.delete","cloudfunctions.functions.get","cloudfunctions.functions.list","cloudfunctions.functions.update","cloudfunctions.operations.get","firebase.projects.get","firebasehosting.sites.update"]}
[debug] [2024-06-26T19:08:33.620Z] <<< [apiv2][status] POST https://cloudresourcemanager.googleapis.com/v1/projects/jardica-front-end:testIamPermissions 200
[debug] [2024-06-26T19:08:33.620Z] <<< [apiv2][body] POST https://cloudresourcemanager.googleapis.com/v1/projects/jardica-front-end:testIamPermissions {"permissions":["cloudfunctions.functions.create","cloudfunctions.functions.delete","cloudfunctions.functions.get","cloudfunctions.functions.list","cloudfunctions.functions.update","cloudfunctions.operations.get","firebase.projects.get","firebasehosting.sites.update"]}
[debug] [2024-06-26T19:08:33.621Z] >>> [apiv2][query] POST https://iam.googleapis.com/v1/projects/jardica-front-end/serviceAccounts/jardica-front-end@appspot.gserviceaccount.com:testIamPermissions [none]
[debug] [2024-06-26T19:08:33.621Z] >>> [apiv2][body] POST https://iam.googleapis.com/v1/projects/jardica-front-end/serviceAccounts/jardica-front-end@appspot.gserviceaccount.com:testIamPermissions {"permissions":["iam.serviceAccounts.actAs"]}
[debug] [2024-06-26T19:08:34.277Z] <<< [apiv2][status] POST https://iam.googleapis.com/v1/projects/jardica-front-end/serviceAccounts/jardica-front-end@appspot.gserviceaccount.com:testIamPermissions 200
[debug] [2024-06-26T19:08:34.277Z] <<< [apiv2][body] POST https://iam.googleapis.com/v1/projects/jardica-front-end/serviceAccounts/jardica-front-end@appspot.gserviceaccount.com:testIamPermissions {"permissions":["iam.serviceAccounts.actAs"]}
[debug] [2024-06-26T19:08:34.280Z] >>> [apiv2][query] GET https://firebase.googleapis.com/v1beta1/projects/jardica-front-end [none]
[debug] [2024-06-26T19:08:34.550Z] <<< [apiv2][status] GET https://firebase.googleapis.com/v1beta1/projects/jardica-front-end 200
[debug] [2024-06-26T19:08:34.550Z] <<< [apiv2][body] GET https://firebase.googleapis.com/v1beta1/projects/jardica-front-end {"projectId":"jardica-front-end","projectNumber":"402003342822","displayName":"jardica-front-end","name":"projects/jardica-front-end","resources":{"hostingSite":"jardica-front-end"},"state":"ACTIVE","etag":"1_6255c07c-ffb6-464a-af4a-3e6d889a8c4e"}
[info] 
[info] === Deploying to 'jardica-front-end'...
[info] 
[info] i  deploying functions, hosting 
[info] Running command: npm --prefix "$RESOURCE_DIR" run build
[info] ✔  functions: Finished running predeploy script. 
[debug] [2024-06-26T19:08:41.134Z] >>> [apiv2][query] GET https://firebase.googleapis.com/v1beta1/projects/jardica-front-end [none]
[debug] [2024-06-26T19:08:41.593Z] <<< [apiv2][status] GET https://firebase.googleapis.com/v1beta1/projects/jardica-front-end 200
[debug] [2024-06-26T19:08:41.593Z] <<< [apiv2][body] GET https://firebase.googleapis.com/v1beta1/projects/jardica-front-end {"projectId":"jardica-front-end","projectNumber":"402003342822","displayName":"jardica-front-end","name":"projects/jardica-front-end","resources":{"hostingSite":"jardica-front-end"},"state":"ACTIVE","etag":"1_6255c07c-ffb6-464a-af4a-3e6d889a8c4e"}
[info] i  functions: preparing codebase default for deployment 
[info] i  functions: ensuring required API cloudfunctions.googleapis.com is enabled... 
[info] i  functions: ensuring required API cloudbuild.googleapis.com is enabled... 
[info] i  artifactregistry: ensuring required API artifactregistry.googleapis.com is enabled... 
[debug] [2024-06-26T19:08:41.598Z] >>> [apiv2][query] GET https://serviceusage.googleapis.com/v1/projects/jardica-front-end/services/cloudfunctions.googleapis.com [none]
[debug] [2024-06-26T19:08:41.599Z] >>> [apiv2][(partial)header] GET https://serviceusage.googleapis.com/v1/projects/jardica-front-end/services/cloudfunctions.googleapis.com x-goog-quota-user=projects/jardica-front-end
[debug] [2024-06-26T19:08:41.601Z] >>> [apiv2][query] GET https://serviceusage.googleapis.com/v1/projects/jardica-front-end/services/runtimeconfig.googleapis.com [none]
[debug] [2024-06-26T19:08:41.602Z] >>> [apiv2][(partial)header] GET https://serviceusage.googleapis.com/v1/projects/jardica-front-end/services/runtimeconfig.googleapis.com x-goog-quota-user=projects/jardica-front-end
[debug] [2024-06-26T19:08:41.608Z] >>> [apiv2][query] GET https://serviceusage.googleapis.com/v1/projects/jardica-front-end/services/cloudbuild.googleapis.com [none]
[debug] [2024-06-26T19:08:41.608Z] >>> [apiv2][(partial)header] GET https://serviceusage.googleapis.com/v1/projects/jardica-front-end/services/cloudbuild.googleapis.com x-goog-quota-user=projects/jardica-front-end
[debug] [2024-06-26T19:08:41.610Z] >>> [apiv2][query] GET https://serviceusage.googleapis.com/v1/projects/jardica-front-end/services/artifactregistry.googleapis.com [none]
[debug] [2024-06-26T19:08:41.610Z] >>> [apiv2][(partial)header] GET https://serviceusage.googleapis.com/v1/projects/jardica-front-end/services/artifactregistry.googleapis.com x-goog-quota-user=projects/jardica-front-end
[debug] [2024-06-26T19:08:42.443Z] <<< [apiv2][status] GET https://serviceusage.googleapis.com/v1/projects/jardica-front-end/services/cloudfunctions.googleapis.com 200
[debug] [2024-06-26T19:08:42.443Z] <<< [apiv2][body] GET https://serviceusage.googleapis.com/v1/projects/jardica-front-end/services/cloudfunctions.googleapis.com [omitted]
[info] ✔  functions: required API cloudfunctions.googleapis.com is enabled 
[debug] [2024-06-26T19:08:42.483Z] <<< [apiv2][status] GET https://serviceusage.googleapis.com/v1/projects/jardica-front-end/services/cloudbuild.googleapis.com 200
[debug] [2024-06-26T19:08:42.483Z] <<< [apiv2][body] GET https://serviceusage.googleapis.com/v1/projects/jardica-front-end/services/cloudbuild.googleapis.com [omitted]
[info] ✔  functions: required API cloudbuild.googleapis.com is enabled 
[debug] [2024-06-26T19:08:42.490Z] <<< [apiv2][status] GET https://serviceusage.googleapis.com/v1/projects/jardica-front-end/services/artifactregistry.googleapis.com 200
[debug] [2024-06-26T19:08:42.491Z] <<< [apiv2][body] GET https://serviceusage.googleapis.com/v1/projects/jardica-front-end/services/artifactregistry.googleapis.com [omitted]
[info] ✔  artifactregistry: required API artifactregistry.googleapis.com is enabled 
[debug] [2024-06-26T19:08:42.495Z] <<< [apiv2][status] GET https://serviceusage.googleapis.com/v1/projects/jardica-front-end/services/runtimeconfig.googleapis.com 200
[debug] [2024-06-26T19:08:42.496Z] <<< [apiv2][body] GET https://serviceusage.googleapis.com/v1/projects/jardica-front-end/services/runtimeconfig.googleapis.com [omitted]
[debug] [2024-06-26T19:08:42.497Z] >>> [apiv2][query] GET https://firebase.googleapis.com/v1beta1/projects/jardica-front-end/adminSdkConfig [none]
[debug] [2024-06-26T19:08:42.732Z] <<< [apiv2][status] GET https://firebase.googleapis.com/v1beta1/projects/jardica-front-end/adminSdkConfig 200
[debug] [2024-06-26T19:08:42.732Z] <<< [apiv2][body] GET https://firebase.googleapis.com/v1beta1/projects/jardica-front-end/adminSdkConfig {"projectId":"jardica-front-end","storageBucket":"jardica-front-end.appspot.com"}
[debug] [2024-06-26T19:08:42.733Z] >>> [apiv2][query] GET https://runtimeconfig.googleapis.com/v1beta1/projects/jardica-front-end/configs [none]
[debug] [2024-06-26T19:08:42.908Z] <<< [apiv2][status] GET https://runtimeconfig.googleapis.com/v1beta1/projects/jardica-front-end/configs 200
[debug] [2024-06-26T19:08:42.908Z] <<< [apiv2][body] GET https://runtimeconfig.googleapis.com/v1beta1/projects/jardica-front-end/configs {"configs":[{"name":"projects/jardica-front-end/configs/email"}]}
[debug] [2024-06-26T19:08:42.910Z] >>> [apiv2][query] GET https://runtimeconfig.googleapis.com/v1beta1/projects/jardica-front-end/configs/email/variables [none]
[debug] [2024-06-26T19:08:43.091Z] <<< [apiv2][status] GET https://runtimeconfig.googleapis.com/v1beta1/projects/jardica-front-end/configs/email/variables 200
[debug] [2024-06-26T19:08:43.091Z] <<< [apiv2][body] GET https://runtimeconfig.googleapis.com/v1beta1/projects/jardica-front-end/configs/email/variables {"variables":[{"name":"projects/jardica-front-end/configs/email/variables/user","updateTime":"2024-06-26T19:08:25.005648222Z"},{"name":"projects/jardica-front-end/configs/email/variables/pass","updateTime":"2024-06-26T19:08:24.809065331Z"}]}
[debug] [2024-06-26T19:08:43.092Z] >>> [apiv2][query] GET https://runtimeconfig.googleapis.com/v1beta1/projects/jardica-front-end/configs/email/variables/user [none]
[debug] [2024-06-26T19:08:43.095Z] >>> [apiv2][query] GET https://runtimeconfig.googleapis.com/v1beta1/projects/jardica-front-end/configs/email/variables/pass [none]
[debug] [2024-06-26T19:08:43.269Z] <<< [apiv2][status] GET https://runtimeconfig.googleapis.com/v1beta1/projects/jardica-front-end/configs/email/variables/pass 200
[debug] [2024-06-26T19:08:43.269Z] <<< [apiv2][body] GET https://runtimeconfig.googleapis.com/v1beta1/projects/jardica-front-end/configs/email/variables/pass {"name":"projects/jardica-front-end/configs/email/variables/pass","updateTime":"2024-06-26T19:08:24.809065331Z","text":"ocflihmmcboewdjj"}
[debug] [2024-06-26T19:08:43.277Z] <<< [apiv2][status] GET https://runtimeconfig.googleapis.com/v1beta1/projects/jardica-front-end/configs/email/variables/user 200
[debug] [2024-06-26T19:08:43.278Z] <<< [apiv2][body] GET https://runtimeconfig.googleapis.com/v1beta1/projects/jardica-front-end/configs/email/variables/user {"name":"projects/jardica-front-end/configs/email/variables/user","updateTime":"2024-06-26T19:08:25.005648222Z","text":"lucasvittaz.pro@gmail.com"}
[debug] [2024-06-26T19:08:43.281Z] Validating nodejs source
[debug] [2024-06-26T19:08:44.363Z] > [functions] package.json contents: {
  "name": "functions",
  "scripts": {
    "build": "tsc && npm run copy-templates",
    "build:watch": "tsc --watch",
    "serve": "npm run build && firebase emulators:start --only functions",
    "shell": "npm run build && firebase functions:shell",
    "start": "npm run shell",
    "deploy": "firebase deploy --only functions",
    "logs": "firebase functions:log",
    "copy-templates": "cp -r src/templates lib/"
  },
  "engines": {
    "node": "18"
  },
  "main": "lib/index.js",
  "dependencies": {
    "cors": "^2.8.5",
    "express": "^4.19.2",
    "firebase-admin": "^12.1.0",
    "firebase-functions": "^5.0.0",
    "handlebars": "^4.7.8",
    "nodemailer": "^6.9.13"
  },
  "devDependencies": {
    "@types/handlebars": "^4.1.0",
    "@types/node": "^20.14.2",
    "@types/nodemailer": "^6.4.15",
    "firebase-functions-test": "^3.1.0",
    "typescript": "^4.9.5"
  },
  "private": true
}
[debug] [2024-06-26T19:08:44.364Z] Building nodejs source
[info] i  functions: Loading and analyzing source code for codebase default to determine what to deploy 
[debug] [2024-06-26T19:08:44.366Z] Could not find functions.yaml. Must use http discovery
[debug] [2024-06-26T19:08:44.378Z] Found firebase-functions binary at '/home/lucas/code/freelance/jardica/jardica_front_end/functions/node_modules/.bin/firebase-functions'
[info] Serving at port 8626

[debug] [2024-06-26T19:08:45.125Z] Got response from /__/functions.yaml {"endpoints":{"sendContactEmail":{"platform":"gcfv1","availableMemoryMb":null,"timeoutSeconds":null,"minInstances":null,"maxInstances":null,"ingressSettings":null,"serviceAccountEmail":null,"vpc":null,"region":["europe-west1"],"httpsTrigger":{},"entryPoint":"sendContactEmail"}},"specVersion":"v1alpha1","requiredAPIs":[]}
[info] i  functions: preparing functions directory for uploading... 
[info] i  functions: packaged /home/lucas/code/freelance/jardica/jardica_front_end/functions (74.89 KB) for uploading 
[debug] [2024-06-26T19:08:45.309Z] >>> [apiv2][query] GET https://cloudfunctions.googleapis.com/v1/projects/jardica-front-end/locations/-/functions [none]
[debug] [2024-06-26T19:08:46.370Z] <<< [apiv2][status] GET https://cloudfunctions.googleapis.com/v1/projects/jardica-front-end/locations/-/functions 200
[debug] [2024-06-26T19:08:46.370Z] <<< [apiv2][body] GET https://cloudfunctions.googleapis.com/v1/projects/jardica-front-end/locations/-/functions {}
[debug] [2024-06-26T19:08:46.372Z] >>> [apiv2][query] GET https://cloudfunctions.googleapis.com/v2/projects/jardica-front-end/locations/-/functions filter=environment%3D%22GEN_2%22
[debug] [2024-06-26T19:08:47.491Z] <<< [apiv2][status] GET https://cloudfunctions.googleapis.com/v2/projects/jardica-front-end/locations/-/functions 200
[debug] [2024-06-26T19:08:47.492Z] <<< [apiv2][body] GET https://cloudfunctions.googleapis.com/v2/projects/jardica-front-end/locations/-/functions {}
[debug] [2024-06-26T19:08:47.497Z] >>> [apiv2][query] GET https://firebase.googleapis.com/v1beta1/projects/jardica-front-end [none]
[debug] [2024-06-26T19:08:47.728Z] <<< [apiv2][status] GET https://firebase.googleapis.com/v1beta1/projects/jardica-front-end 200
[debug] [2024-06-26T19:08:47.729Z] <<< [apiv2][body] GET https://firebase.googleapis.com/v1beta1/projects/jardica-front-end {"projectId":"jardica-front-end","projectNumber":"402003342822","displayName":"jardica-front-end","name":"projects/jardica-front-end","resources":{"hostingSite":"jardica-front-end"},"state":"ACTIVE","etag":"1_6255c07c-ffb6-464a-af4a-3e6d889a8c4e"}
[debug] [2024-06-26T19:08:47.733Z] >>> [apiv2][query] POST https://firebasehosting.googleapis.com/v1beta1/projects/-/sites/jardica-front-end/versions [none]
[debug] [2024-06-26T19:08:47.733Z] >>> [apiv2][body] POST https://firebasehosting.googleapis.com/v1beta1/projects/-/sites/jardica-front-end/versions {"status":"CREATED","labels":{"deployment-tool":"cli-firebase"}}
[debug] [2024-06-26T19:08:49.440Z] <<< [apiv2][status] POST https://firebasehosting.googleapis.com/v1beta1/projects/-/sites/jardica-front-end/versions 200
[debug] [2024-06-26T19:08:49.441Z] <<< [apiv2][body] POST https://firebasehosting.googleapis.com/v1beta1/projects/-/sites/jardica-front-end/versions {"name":"projects/402003342822/sites/jardica-front-end/versions/e482604645062e79","status":"CREATED","config":{},"labels":{"deployment-tool":"cli-firebase"}}
[debug] [2024-06-26T19:08:49.442Z] [functions] found 1 new HTTP functions, testing setIamPolicy permission...
[debug] [2024-06-26T19:08:49.443Z] >>> [apiv2][query] POST https://cloudresourcemanager.googleapis.com/v1/projects/jardica-front-end:testIamPermissions [none]
[debug] [2024-06-26T19:08:49.443Z] >>> [apiv2][(partial)header] POST https://cloudresourcemanager.googleapis.com/v1/projects/jardica-front-end:testIamPermissions x-goog-quota-user=projects/jardica-front-end
[debug] [2024-06-26T19:08:49.443Z] >>> [apiv2][body] POST https://cloudresourcemanager.googleapis.com/v1/projects/jardica-front-end:testIamPermissions {"permissions":["cloudfunctions.functions.setIamPolicy"]}
[debug] [2024-06-26T19:08:50.151Z] <<< [apiv2][status] POST https://cloudresourcemanager.googleapis.com/v1/projects/jardica-front-end:testIamPermissions 200
[debug] [2024-06-26T19:08:50.152Z] <<< [apiv2][body] POST https://cloudresourcemanager.googleapis.com/v1/projects/jardica-front-end:testIamPermissions {"permissions":["cloudfunctions.functions.setIamPolicy"]}
[debug] [2024-06-26T19:08:50.152Z] [functions] found setIamPolicy permission, proceeding with deploy
[debug] [2024-06-26T19:08:50.154Z] >>> [apiv2][query] POST https://cloudfunctions.googleapis.com/v1/projects/jardica-front-end/locations/europe-west1/functions:generateUploadUrl [none]
[debug] [2024-06-26T19:08:50.154Z] >>> [apiv2][body] POST https://cloudfunctions.googleapis.com/v1/projects/jardica-front-end/locations/europe-west1/functions:generateUploadUrl {}
[debug] [2024-06-26T19:09:08.092Z] <<< [apiv2][status] POST https://cloudfunctions.googleapis.com/v1/projects/jardica-front-end/locations/europe-west1/functions:generateUploadUrl 200
[debug] [2024-06-26T19:09:08.093Z] <<< [apiv2][body] POST https://cloudfunctions.googleapis.com/v1/projects/jardica-front-end/locations/europe-west1/functions:generateUploadUrl {"uploadUrl":"https://storage.googleapis.com/uploads-872553641819.europe-west1.cloudfunctions.appspot.com/65234adf-53f1-4e48-83b1-0b9ed7213b1c.zip?GoogleAccessId=service-402003342822@gcf-admin-robot.iam.gserviceaccount.com&Expires=1719430747&Signature=HJ2B8y2w0r%2Fzqd2khbAMP65Nb2eA2Y67qVueoefJB8vKSbtca4a3nf1nQtdxaa2m2u%2FPOYw2LuYIHrnvF9Fjr8vaBfTmY%2B8JFLEAOVDMkGqpG9vuKe4pdm5kYUIe0APdRK4hnJ1hLapg2iDeXU1jCrw7XvCOhJ8t6sfjljUqP5O4UksIMPVDurlysXA6vxqSXLz1rITP6eqOrjPM6sP2dIG%2FQI%2BGyFhWBDXv%2Fq4XqzOYU6ht7%2Bda12jRq%2B1F084iQj5dVNjrTpszBdrwyiU5NMMf17fnlu8%2Ft5l6jlHuisLreZZWkFu2Zlx5XvRT32Gs1u2YFvlV8MVHxaq9kUAd1Q%3D%3D"}
[debug] [2024-06-26T19:09:08.096Z] >>> [apiv2][query] PUT https://storage.googleapis.com/uploads-872553641819.europe-west1.cloudfunctions.appspot.com/65234adf-53f1-4e48-83b1-0b9ed7213b1c.zip GoogleAccessId=service-402003342822%40gcf-admin-robot.iam.gserviceaccount.com&Expires=1719430747&Signature=HJ2B8y2w0r%2Fzqd2khbAMP65Nb2eA2Y67qVueoefJB8vKSbtca4a3nf1nQtdxaa2m2u%2FPOYw2LuYIHrnvF9Fjr8vaBfTmY%2B8JFLEAOVDMkGqpG9vuKe4pdm5kYUIe0APdRK4hnJ1hLapg2iDeXU1jCrw7XvCOhJ8t6sfjljUqP5O4UksIMPVDurlysXA6vxqSXLz1rITP6eqOrjPM6sP2dIG%2FQI%2BGyFhWBDXv%2Fq4XqzOYU6ht7%2Bda12jRq%2B1F084iQj5dVNjrTpszBdrwyiU5NMMf17fnlu8%2Ft5l6jlHuisLreZZWkFu2Zlx5XvRT32Gs1u2YFvlV8MVHxaq9kUAd1Q%3D%3D
[debug] [2024-06-26T19:09:08.097Z] >>> [apiv2][body] PUT https://storage.googleapis.com/uploads-872553641819.europe-west1.cloudfunctions.appspot.com/65234adf-53f1-4e48-83b1-0b9ed7213b1c.zip [stream]
[debug] [2024-06-26T19:09:08.385Z] <<< [apiv2][status] PUT https://storage.googleapis.com/uploads-872553641819.europe-west1.cloudfunctions.appspot.com/65234adf-53f1-4e48-83b1-0b9ed7213b1c.zip 200
[debug] [2024-06-26T19:09:08.385Z] <<< [apiv2][body] PUT https://storage.googleapis.com/uploads-872553641819.europe-west1.cloudfunctions.appspot.com/65234adf-53f1-4e48-83b1-0b9ed7213b1c.zip [omitted]
[info] ✔  functions: functions folder uploaded successfully 
[info] i  hosting[jardica-front-end]: beginning deploy... 
[info] i  hosting[jardica-front-end]: found 1 files in dist/browser 
[debug] [2024-06-26T19:09:08.399Z] [hosting] uploading with 200 concurrency
[debug] [2024-06-26T19:09:08.402Z] [hosting] hash cache [ZGlzdC9icm93c2Vy] not populated
[debug] [2024-06-26T19:09:08.428Z] [hosting] hash cache [ZGlzdC9icm93c2Vy] stored for 1 files
[debug] [2024-06-26T19:09:08.429Z] [hosting][hash queue][FINAL] {"max":14,"min":14,"avg":14,"active":0,"complete":1,"success":1,"errored":0,"retried":0,"total":1,"elapsed":22}
[debug] [2024-06-26T19:09:08.431Z] >>> [apiv2][query] POST https://firebasehosting.googleapis.com/v1beta1/projects/402003342822/sites/jardica-front-end/versions/e482604645062e79:populateFiles [none]
[debug] [2024-06-26T19:09:08.431Z] >>> [apiv2][body] POST https://firebasehosting.googleapis.com/v1beta1/projects/402003342822/sites/jardica-front-end/versions/e482604645062e79:populateFiles {"files":{"/index.html":"4fe24f5b72da11ed2b595bb52b58fae53634e55456cfbe77dbe7e45d23c6dd3a"}}
[debug] [2024-06-26T19:09:09.501Z] <<< [apiv2][status] POST https://firebasehosting.googleapis.com/v1beta1/projects/402003342822/sites/jardica-front-end/versions/e482604645062e79:populateFiles 200
[debug] [2024-06-26T19:09:09.501Z] <<< [apiv2][body] POST https://firebasehosting.googleapis.com/v1beta1/projects/402003342822/sites/jardica-front-end/versions/e482604645062e79:populateFiles {"uploadRequiredHashes":["4fe24f5b72da11ed2b595bb52b58fae53634e55456cfbe77dbe7e45d23c6dd3a"],"uploadUrl":"https://upload-firebasehosting.googleapis.com/upload/sites/jardica-front-end/versions/e482604645062e79/files"}
[debug] [2024-06-26T19:09:09.506Z] >>> [apiv2][query] POST https://upload-firebasehosting.googleapis.com/upload/sites/jardica-front-end/versions/e482604645062e79/files/4fe24f5b72da11ed2b595bb52b58fae53634e55456cfbe77dbe7e45d23c6dd3a [none]
[debug] [2024-06-26T19:09:09.507Z] >>> [apiv2][body] POST https://upload-firebasehosting.googleapis.com/upload/sites/jardica-front-end/versions/e482604645062e79/files/4fe24f5b72da11ed2b595bb52b58fae53634e55456cfbe77dbe7e45d23c6dd3a [stream]
[debug] [2024-06-26T19:09:09.513Z] [hosting][populate queue][FINAL] {"max":1083,"min":1083,"avg":1083,"active":0,"complete":1,"success":1,"errored":0,"retried":0,"total":1,"elapsed":1091}
[debug] [2024-06-26T19:09:09.514Z] [hosting] uploads queued: 1
[debug] [2024-06-26T19:09:10.529Z] <<< [apiv2][status] POST https://upload-firebasehosting.googleapis.com/upload/sites/jardica-front-end/versions/e482604645062e79/files/4fe24f5b72da11ed2b595bb52b58fae53634e55456cfbe77dbe7e45d23c6dd3a 200
[debug] [2024-06-26T19:09:10.530Z] <<< [apiv2][body] POST https://upload-firebasehosting.googleapis.com/upload/sites/jardica-front-end/versions/e482604645062e79/files/4fe24f5b72da11ed2b595bb52b58fae53634e55456cfbe77dbe7e45d23c6dd3a [stream]
[debug] [2024-06-26T19:09:10.530Z] [hosting][upload queue][FINAL] {"max":1028,"min":1028,"avg":1028,"active":0,"complete":1,"success":1,"errored":0,"retried":0,"total":1,"elapsed":1028}
[info] ✔  hosting[jardica-front-end]: file upload complete 
[debug] [2024-06-26T19:09:10.532Z] [hosting] deploy completed after 2143ms
[info] i  functions: creating Node.js 18 (1st Gen) function sendContactEmail(europe-west1)... 
[debug] [2024-06-26T19:09:10.540Z] >>> [apiv2][query] POST https://cloudfunctions.googleapis.com/v1/projects/jardica-front-end/locations/europe-west1/functions [none]
[debug] [2024-06-26T19:09:10.540Z] >>> [apiv2][body] POST https://cloudfunctions.googleapis.com/v1/projects/jardica-front-end/locations/europe-west1/functions {"name":"projects/jardica-front-end/locations/europe-west1/functions/sendContactEmail","sourceUploadUrl":"https://storage.googleapis.com/uploads-872553641819.europe-west1.cloudfunctions.appspot.com/65234adf-53f1-4e48-83b1-0b9ed7213b1c.zip?GoogleAccessId=service-402003342822@gcf-admin-robot.iam.gserviceaccount.com&Expires=1719430747&Signature=HJ2B8y2w0r%2Fzqd2khbAMP65Nb2eA2Y67qVueoefJB8vKSbtca4a3nf1nQtdxaa2m2u%2FPOYw2LuYIHrnvF9Fjr8vaBfTmY%2B8JFLEAOVDMkGqpG9vuKe4pdm5kYUIe0APdRK4hnJ1hLapg2iDeXU1jCrw7XvCOhJ8t6sfjljUqP5O4UksIMPVDurlysXA6vxqSXLz1rITP6eqOrjPM6sP2dIG%2FQI%2BGyFhWBDXv%2Fq4XqzOYU6ht7%2Bda12jRq%2B1F084iQj5dVNjrTpszBdrwyiU5NMMf17fnlu8%2Ft5l6jlHuisLreZZWkFu2Zlx5XvRT32Gs1u2YFvlV8MVHxaq9kUAd1Q%3D%3D","entryPoint":"sendContactEmail","runtime":"nodejs18","dockerRegistry":"ARTIFACT_REGISTRY","labels":{"deployment-tool":"cli-firebase","firebase-functions-hash":"52182bd75e8dcdd8646463d3da1421b71ecbaeeb"},"httpsTrigger":{"securityLevel":"SECURE_ALWAYS"},"minInstances":null,"maxInstances":null,"ingressSettings":null,"environmentVariables":{"FIREBASE_CONFIG":"{\"projectId\":\"jardica-front-end\",\"storageBucket\":\"jardica-front-end.appspot.com\"}","GCLOUD_PROJECT":"jardica-front-end","EVENTARC_CLOUD_EVENT_SOURCE":"projects/jardica-front-end/locations/europe-west1/functions/sendContactEmail"},"serviceAccountEmail":null,"availableMemoryMb":null,"timeout":null,"vpcConnector":null,"vpcConnectorEgressSettings":null,"buildEnvironmentVariables":{"GOOGLE_NODE_RUN_SCRIPTS":""}}
[debug] [2024-06-26T19:09:11.188Z] <<< [apiv2][status] POST https://cloudfunctions.googleapis.com/v1/projects/jardica-front-end/locations/europe-west1/functions 200
[debug] [2024-06-26T19:09:11.188Z] <<< [apiv2][body] POST https://cloudfunctions.googleapis.com/v1/projects/jardica-front-end/locations/europe-west1/functions {"name":"operations/amFyZGljYS1mcm9udC1lbmQvZXVyb3BlLXdlc3QxL3NlbmRDb250YWN0RW1haWwvNURvS24xMGhFR1U","metadata":{"@type":"type.googleapis.com/google.cloud.functions.v1.OperationMetadataV1","target":"projects/jardica-front-end/locations/europe-west1/functions/sendContactEmail","type":"CREATE_FUNCTION","request":{"@type":"type.googleapis.com/google.cloud.functions.v1.CloudFunction","name":"projects/jardica-front-end/locations/europe-west1/functions/sendContactEmail","httpsTrigger":{"securityLevel":"SECURE_ALWAYS"},"entryPoint":"sendContactEmail","labels":{"deployment-tool":"cli-firebase","firebase-functions-hash":"52182bd75e8dcdd8646463d3da1421b71ecbaeeb"},"sourceUploadUrl":"https://storage.googleapis.com/uploads-872553641819.europe-west1.cloudfunctions.appspot.com/65234adf-53f1-4e48-83b1-0b9ed7213b1c.zip?GoogleAccessId=service-402003342822@gcf-admin-robot.iam.gserviceaccount.com&Expires=1719430747&Signature=HJ2B8y2w0r%2Fzqd2khbAMP65Nb2eA2Y67qVueoefJB8vKSbtca4a3nf1nQtdxaa2m2u%2FPOYw2LuYIHrnvF9Fjr8vaBfTmY%2B8JFLEAOVDMkGqpG9vuKe4pdm5kYUIe0APdRK4hnJ1hLapg2iDeXU1jCrw7XvCOhJ8t6sfjljUqP5O4UksIMPVDurlysXA6vxqSXLz1rITP6eqOrjPM6sP2dIG%2FQI%2BGyFhWBDXv%2Fq4XqzOYU6ht7%2Bda12jRq%2B1F084iQj5dVNjrTpszBdrwyiU5NMMf17fnlu8%2Ft5l6jlHuisLreZZWkFu2Zlx5XvRT32Gs1u2YFvlV8MVHxaq9kUAd1Q%3D%3D","environmentVariables":{"FIREBASE_CONFIG":"{\"projectId\":\"jardica-front-end\",\"storageBucket\":\"jardica-front-end.appspot.com\"}","GCLOUD_PROJECT":"jardica-front-end","EVENTARC_CLOUD_EVENT_SOURCE":"projects/jardica-front-end/locations/europe-west1/functions/sendContactEmail"},"runtime":"nodejs18","buildEnvironmentVariables":{"GOOGLE_NODE_RUN_SCRIPTS":""},"dockerRegistry":"ARTIFACT_REGISTRY"},"versionId":"1","updateTime":"2024-06-26T19:09:10Z"}}
[debug] [2024-06-26T19:09:11.190Z] >>> [apiv2][query] GET https://cloudfunctions.googleapis.com/v1/operations/amFyZGljYS1mcm9udC1lbmQvZXVyb3BlLXdlc3QxL3NlbmRDb250YWN0RW1haWwvNURvS24xMGhFR1U [none]
[debug] [2024-06-26T19:09:11.334Z] <<< [apiv2][status] GET https://cloudfunctions.googleapis.com/v1/operations/amFyZGljYS1mcm9udC1lbmQvZXVyb3BlLXdlc3QxL3NlbmRDb250YWN0RW1haWwvNURvS24xMGhFR1U 200
[debug] [2024-06-26T19:09:11.335Z] <<< [apiv2][body] GET https://cloudfunctions.googleapis.com/v1/operations/amFyZGljYS1mcm9udC1lbmQvZXVyb3BlLXdlc3QxL3NlbmRDb250YWN0RW1haWwvNURvS24xMGhFR1U {"name":"operations/amFyZGljYS1mcm9udC1lbmQvZXVyb3BlLXdlc3QxL3NlbmRDb250YWN0RW1haWwvNURvS24xMGhFR1U","metadata":{"@type":"type.googleapis.com/google.cloud.functions.v1.OperationMetadataV1","target":"projects/jardica-front-end/locations/europe-west1/functions/sendContactEmail","type":"CREATE_FUNCTION","request":{"@type":"type.googleapis.com/google.cloud.functions.v1.CloudFunction","name":"projects/jardica-front-end/locations/europe-west1/functions/sendContactEmail","httpsTrigger":{"securityLevel":"SECURE_ALWAYS"},"entryPoint":"sendContactEmail","labels":{"deployment-tool":"cli-firebase","firebase-functions-hash":"52182bd75e8dcdd8646463d3da1421b71ecbaeeb"},"sourceUploadUrl":"https://storage.googleapis.com/uploads-872553641819.europe-west1.cloudfunctions.appspot.com/65234adf-53f1-4e48-83b1-0b9ed7213b1c.zip?GoogleAccessId=service-402003342822@gcf-admin-robot.iam.gserviceaccount.com&Expires=1719430747&Signature=HJ2B8y2w0r%2Fzqd2khbAMP65Nb2eA2Y67qVueoefJB8vKSbtca4a3nf1nQtdxaa2m2u%2FPOYw2LuYIHrnvF9Fjr8vaBfTmY%2B8JFLEAOVDMkGqpG9vuKe4pdm5kYUIe0APdRK4hnJ1hLapg2iDeXU1jCrw7XvCOhJ8t6sfjljUqP5O4UksIMPVDurlysXA6vxqSXLz1rITP6eqOrjPM6sP2dIG%2FQI%2BGyFhWBDXv%2Fq4XqzOYU6ht7%2Bda12jRq%2B1F084iQj5dVNjrTpszBdrwyiU5NMMf17fnlu8%2Ft5l6jlHuisLreZZWkFu2Zlx5XvRT32Gs1u2YFvlV8MVHxaq9kUAd1Q%3D%3D","environmentVariables":{"FIREBASE_CONFIG":"{\"projectId\":\"jardica-front-end\",\"storageBucket\":\"jardica-front-end.appspot.com\"}","GCLOUD_PROJECT":"jardica-front-end","EVENTARC_CLOUD_EVENT_SOURCE":"projects/jardica-front-end/locations/europe-west1/functions/sendContactEmail"},"runtime":"nodejs18","buildEnvironmentVariables":{"GOOGLE_NODE_RUN_SCRIPTS":""},"dockerRegistry":"ARTIFACT_REGISTRY"},"versionId":"1","updateTime":"2024-06-26T19:09:10Z"}}
[debug] [2024-06-26T19:09:11.837Z] [create-default-europe-west1-sendContactEmail] Retrying task index 0
[debug] [2024-06-26T19:09:11.838Z] >>> [apiv2][query] GET https://cloudfunctions.googleapis.com/v1/operations/amFyZGljYS1mcm9udC1lbmQvZXVyb3BlLXdlc3QxL3NlbmRDb250YWN0RW1haWwvNURvS24xMGhFR1U [none]
[debug] [2024-06-26T19:09:11.962Z] <<< [apiv2][status] GET https://cloudfunctions.googleapis.com/v1/operations/amFyZGljYS1mcm9udC1lbmQvZXVyb3BlLXdlc3QxL3NlbmRDb250YWN0RW1haWwvNURvS24xMGhFR1U 200
[debug] [2024-06-26T19:09:11.962Z] <<< [apiv2][body] GET https://cloudfunctions.googleapis.com/v1/operations/amFyZGljYS1mcm9udC1lbmQvZXVyb3BlLXdlc3QxL3NlbmRDb250YWN0RW1haWwvNURvS24xMGhFR1U {"name":"operations/amFyZGljYS1mcm9udC1lbmQvZXVyb3BlLXdlc3QxL3NlbmRDb250YWN0RW1haWwvNURvS24xMGhFR1U","metadata":{"@type":"type.googleapis.com/google.cloud.functions.v1.OperationMetadataV1","target":"projects/jardica-front-end/locations/europe-west1/functions/sendContactEmail","type":"CREATE_FUNCTION","request":{"@type":"type.googleapis.com/google.cloud.functions.v1.CloudFunction","name":"projects/jardica-front-end/locations/europe-west1/functions/sendContactEmail","httpsTrigger":{"securityLevel":"SECURE_ALWAYS"},"entryPoint":"sendContactEmail","labels":{"deployment-tool":"cli-firebase","firebase-functions-hash":"52182bd75e8dcdd8646463d3da1421b71ecbaeeb"},"sourceUploadUrl":"https://storage.googleapis.com/uploads-872553641819.europe-west1.cloudfunctions.appspot.com/65234adf-53f1-4e48-83b1-0b9ed7213b1c.zip?GoogleAccessId=service-402003342822@gcf-admin-robot.iam.gserviceaccount.com&Expires=1719430747&Signature=HJ2B8y2w0r%2Fzqd2khbAMP65Nb2eA2Y67qVueoefJB8vKSbtca4a3nf1nQtdxaa2m2u%2FPOYw2LuYIHrnvF9Fjr8vaBfTmY%2B8JFLEAOVDMkGqpG9vuKe4pdm5kYUIe0APdRK4hnJ1hLapg2iDeXU1jCrw7XvCOhJ8t6sfjljUqP5O4UksIMPVDurlysXA6vxqSXLz1rITP6eqOrjPM6sP2dIG%2FQI%2BGyFhWBDXv%2Fq4XqzOYU6ht7%2Bda12jRq%2B1F084iQj5dVNjrTpszBdrwyiU5NMMf17fnlu8%2Ft5l6jlHuisLreZZWkFu2Zlx5XvRT32Gs1u2YFvlV8MVHxaq9kUAd1Q%3D%3D","environmentVariables":{"FIREBASE_CONFIG":"{\"projectId\":\"jardica-front-end\",\"storageBucket\":\"jardica-front-end.appspot.com\"}","GCLOUD_PROJECT":"jardica-front-end","EVENTARC_CLOUD_EVENT_SOURCE":"projects/jardica-front-end/locations/europe-west1/functions/sendContactEmail"},"runtime":"nodejs18","buildEnvironmentVariables":{"GOOGLE_NODE_RUN_SCRIPTS":""},"dockerRegistry":"ARTIFACT_REGISTRY"},"versionId":"1","updateTime":"2024-06-26T19:09:11Z"}}
[debug] [2024-06-26T19:09:12.964Z] [create-default-europe-west1-sendContactEmail] Retrying task index 0
[debug] [2024-06-26T19:09:12.965Z] >>> [apiv2][query] GET https://cloudfunctions.googleapis.com/v1/operations/amFyZGljYS1mcm9udC1lbmQvZXVyb3BlLXdlc3QxL3NlbmRDb250YWN0RW1haWwvNURvS24xMGhFR1U [none]
[debug] [2024-06-26T19:09:13.115Z] <<< [apiv2][status] GET https://cloudfunctions.googleapis.com/v1/operations/amFyZGljYS1mcm9udC1lbmQvZXVyb3BlLXdlc3QxL3NlbmRDb250YWN0RW1haWwvNURvS24xMGhFR1U 200
[debug] [2024-06-26T19:09:13.116Z] <<< [apiv2][body] GET https://cloudfunctions.googleapis.com/v1/operations/amFyZGljYS1mcm9udC1lbmQvZXVyb3BlLXdlc3QxL3NlbmRDb250YWN0RW1haWwvNURvS24xMGhFR1U {"name":"operations/amFyZGljYS1mcm9udC1lbmQvZXVyb3BlLXdlc3QxL3NlbmRDb250YWN0RW1haWwvNURvS24xMGhFR1U","metadata":{"@type":"type.googleapis.com/google.cloud.functions.v1.OperationMetadataV1","target":"projects/jardica-front-end/locations/europe-west1/functions/sendContactEmail","type":"CREATE_FUNCTION","request":{"@type":"type.googleapis.com/google.cloud.functions.v1.CloudFunction","name":"projects/jardica-front-end/locations/europe-west1/functions/sendContactEmail","httpsTrigger":{"securityLevel":"SECURE_ALWAYS"},"entryPoint":"sendContactEmail","labels":{"deployment-tool":"cli-firebase","firebase-functions-hash":"52182bd75e8dcdd8646463d3da1421b71ecbaeeb"},"sourceUploadUrl":"https://storage.googleapis.com/uploads-872553641819.europe-west1.cloudfunctions.appspot.com/65234adf-53f1-4e48-83b1-0b9ed7213b1c.zip?GoogleAccessId=service-402003342822@gcf-admin-robot.iam.gserviceaccount.com&Expires=1719430747&Signature=HJ2B8y2w0r%2Fzqd2khbAMP65Nb2eA2Y67qVueoefJB8vKSbtca4a3nf1nQtdxaa2m2u%2FPOYw2LuYIHrnvF9Fjr8vaBfTmY%2B8JFLEAOVDMkGqpG9vuKe4pdm5kYUIe0APdRK4hnJ1hLapg2iDeXU1jCrw7XvCOhJ8t6sfjljUqP5O4UksIMPVDurlysXA6vxqSXLz1rITP6eqOrjPM6sP2dIG%2FQI%2BGyFhWBDXv%2Fq4XqzOYU6ht7%2Bda12jRq%2B1F084iQj5dVNjrTpszBdrwyiU5NMMf17fnlu8%2Ft5l6jlHuisLreZZWkFu2Zlx5XvRT32Gs1u2YFvlV8MVHxaq9kUAd1Q%3D%3D","environmentVariables":{"FIREBASE_CONFIG":"{\"projectId\":\"jardica-front-end\",\"storageBucket\":\"jardica-front-end.appspot.com\"}","GCLOUD_PROJECT":"jardica-front-end","EVENTARC_CLOUD_EVENT_SOURCE":"projects/jardica-front-end/locations/europe-west1/functions/sendContactEmail"},"runtime":"nodejs18","buildEnvironmentVariables":{"GOOGLE_NODE_RUN_SCRIPTS":""},"dockerRegistry":"ARTIFACT_REGISTRY"},"versionId":"1","updateTime":"2024-06-26T19:09:11Z"}}
[debug] [2024-06-26T19:09:15.120Z] [create-default-europe-west1-sendContactEmail] Retrying task index 0
[debug] [2024-06-26T19:09:15.121Z] >>> [apiv2][query] GET https://cloudfunctions.googleapis.com/v1/operations/amFyZGljYS1mcm9udC1lbmQvZXVyb3BlLXdlc3QxL3NlbmRDb250YWN0RW1haWwvNURvS24xMGhFR1U [none]
[debug] [2024-06-26T19:09:15.268Z] <<< [apiv2][status] GET https://cloudfunctions.googleapis.com/v1/operations/amFyZGljYS1mcm9udC1lbmQvZXVyb3BlLXdlc3QxL3NlbmRDb250YWN0RW1haWwvNURvS24xMGhFR1U 200
[debug] [2024-06-26T19:09:15.269Z] <<< [apiv2][body] GET https://cloudfunctions.googleapis.com/v1/operations/amFyZGljYS1mcm9udC1lbmQvZXVyb3BlLXdlc3QxL3NlbmRDb250YWN0RW1haWwvNURvS24xMGhFR1U {"name":"operations/amFyZGljYS1mcm9udC1lbmQvZXVyb3BlLXdlc3QxL3NlbmRDb250YWN0RW1haWwvNURvS24xMGhFR1U","metadata":{"@type":"type.googleapis.com/google.cloud.functions.v1.OperationMetadataV1","target":"projects/jardica-front-end/locations/europe-west1/functions/sendContactEmail","type":"CREATE_FUNCTION","request":{"@type":"type.googleapis.com/google.cloud.functions.v1.CloudFunction","name":"projects/jardica-front-end/locations/europe-west1/functions/sendContactEmail","httpsTrigger":{"securityLevel":"SECURE_ALWAYS"},"entryPoint":"sendContactEmail","labels":{"deployment-tool":"cli-firebase","firebase-functions-hash":"52182bd75e8dcdd8646463d3da1421b71ecbaeeb"},"sourceUploadUrl":"https://storage.googleapis.com/uploads-872553641819.europe-west1.cloudfunctions.appspot.com/65234adf-53f1-4e48-83b1-0b9ed7213b1c.zip?GoogleAccessId=service-402003342822@gcf-admin-robot.iam.gserviceaccount.com&Expires=1719430747&Signature=HJ2B8y2w0r%2Fzqd2khbAMP65Nb2eA2Y67qVueoefJB8vKSbtca4a3nf1nQtdxaa2m2u%2FPOYw2LuYIHrnvF9Fjr8vaBfTmY%2B8JFLEAOVDMkGqpG9vuKe4pdm5kYUIe0APdRK4hnJ1hLapg2iDeXU1jCrw7XvCOhJ8t6sfjljUqP5O4UksIMPVDurlysXA6vxqSXLz1rITP6eqOrjPM6sP2dIG%2FQI%2BGyFhWBDXv%2Fq4XqzOYU6ht7%2Bda12jRq%2B1F084iQj5dVNjrTpszBdrwyiU5NMMf17fnlu8%2Ft5l6jlHuisLreZZWkFu2Zlx5XvRT32Gs1u2YFvlV8MVHxaq9kUAd1Q%3D%3D","environmentVariables":{"FIREBASE_CONFIG":"{\"projectId\":\"jardica-front-end\",\"storageBucket\":\"jardica-front-end.appspot.com\"}","GCLOUD_PROJECT":"jardica-front-end","EVENTARC_CLOUD_EVENT_SOURCE":"projects/jardica-front-end/locations/europe-west1/functions/sendContactEmail"},"runtime":"nodejs18","buildEnvironmentVariables":{"GOOGLE_NODE_RUN_SCRIPTS":""},"dockerRegistry":"ARTIFACT_REGISTRY"},"versionId":"1","updateTime":"2024-06-26T19:09:11Z"}}
[debug] [2024-06-26T19:09:19.274Z] [create-default-europe-west1-sendContactEmail] Retrying task index 0
[debug] [2024-06-26T19:09:19.275Z] >>> [apiv2][query] GET https://cloudfunctions.googleapis.com/v1/operations/amFyZGljYS1mcm9udC1lbmQvZXVyb3BlLXdlc3QxL3NlbmRDb250YWN0RW1haWwvNURvS24xMGhFR1U [none]
[debug] [2024-06-26T19:09:19.399Z] <<< [apiv2][status] GET https://cloudfunctions.googleapis.com/v1/operations/amFyZGljYS1mcm9udC1lbmQvZXVyb3BlLXdlc3QxL3NlbmRDb250YWN0RW1haWwvNURvS24xMGhFR1U 200
[debug] [2024-06-26T19:09:19.400Z] <<< [apiv2][body] GET https://cloudfunctions.googleapis.com/v1/operations/amFyZGljYS1mcm9udC1lbmQvZXVyb3BlLXdlc3QxL3NlbmRDb250YWN0RW1haWwvNURvS24xMGhFR1U {"name":"operations/amFyZGljYS1mcm9udC1lbmQvZXVyb3BlLXdlc3QxL3NlbmRDb250YWN0RW1haWwvNURvS24xMGhFR1U","metadata":{"@type":"type.googleapis.com/google.cloud.functions.v1.OperationMetadataV1","target":"projects/jardica-front-end/locations/europe-west1/functions/sendContactEmail","type":"CREATE_FUNCTION","request":{"@type":"type.googleapis.com/google.cloud.functions.v1.CloudFunction","name":"projects/jardica-front-end/locations/europe-west1/functions/sendContactEmail","httpsTrigger":{"securityLevel":"SECURE_ALWAYS"},"entryPoint":"sendContactEmail","labels":{"deployment-tool":"cli-firebase","firebase-functions-hash":"52182bd75e8dcdd8646463d3da1421b71ecbaeeb"},"sourceUploadUrl":"https://storage.googleapis.com/uploads-872553641819.europe-west1.cloudfunctions.appspot.com/65234adf-53f1-4e48-83b1-0b9ed7213b1c.zip?GoogleAccessId=service-402003342822@gcf-admin-robot.iam.gserviceaccount.com&Expires=1719430747&Signature=HJ2B8y2w0r%2Fzqd2khbAMP65Nb2eA2Y67qVueoefJB8vKSbtca4a3nf1nQtdxaa2m2u%2FPOYw2LuYIHrnvF9Fjr8vaBfTmY%2B8JFLEAOVDMkGqpG9vuKe4pdm5kYUIe0APdRK4hnJ1hLapg2iDeXU1jCrw7XvCOhJ8t6sfjljUqP5O4UksIMPVDurlysXA6vxqSXLz1rITP6eqOrjPM6sP2dIG%2FQI%2BGyFhWBDXv%2Fq4XqzOYU6ht7%2Bda12jRq%2B1F084iQj5dVNjrTpszBdrwyiU5NMMf17fnlu8%2Ft5l6jlHuisLreZZWkFu2Zlx5XvRT32Gs1u2YFvlV8MVHxaq9kUAd1Q%3D%3D","environmentVariables":{"FIREBASE_CONFIG":"{\"projectId\":\"jardica-front-end\",\"storageBucket\":\"jardica-front-end.appspot.com\"}","GCLOUD_PROJECT":"jardica-front-end","EVENTARC_CLOUD_EVENT_SOURCE":"projects/jardica-front-end/locations/europe-west1/functions/sendContactEmail"},"runtime":"nodejs18","buildEnvironmentVariables":{"GOOGLE_NODE_RUN_SCRIPTS":""},"dockerRegistry":"ARTIFACT_REGISTRY"},"versionId":"1","updateTime":"2024-06-26T19:09:11Z"}}
[debug] [2024-06-26T19:09:27.408Z] [create-default-europe-west1-sendContactEmail] Retrying task index 0
[debug] [2024-06-26T19:09:27.409Z] >>> [apiv2][query] GET https://cloudfunctions.googleapis.com/v1/operations/amFyZGljYS1mcm9udC1lbmQvZXVyb3BlLXdlc3QxL3NlbmRDb250YWN0RW1haWwvNURvS24xMGhFR1U [none]
[debug] [2024-06-26T19:09:27.527Z] <<< [apiv2][status] GET https://cloudfunctions.googleapis.com/v1/operations/amFyZGljYS1mcm9udC1lbmQvZXVyb3BlLXdlc3QxL3NlbmRDb250YWN0RW1haWwvNURvS24xMGhFR1U 200
[debug] [2024-06-26T19:09:27.527Z] <<< [apiv2][body] GET https://cloudfunctions.googleapis.com/v1/operations/amFyZGljYS1mcm9udC1lbmQvZXVyb3BlLXdlc3QxL3NlbmRDb250YWN0RW1haWwvNURvS24xMGhFR1U {"name":"operations/amFyZGljYS1mcm9udC1lbmQvZXVyb3BlLXdlc3QxL3NlbmRDb250YWN0RW1haWwvNURvS24xMGhFR1U","metadata":{"@type":"type.googleapis.com/google.cloud.functions.v1.OperationMetadataV1","target":"projects/jardica-front-end/locations/europe-west1/functions/sendContactEmail","type":"CREATE_FUNCTION","request":{"@type":"type.googleapis.com/google.cloud.functions.v1.CloudFunction","name":"projects/jardica-front-end/locations/europe-west1/functions/sendContactEmail","httpsTrigger":{"securityLevel":"SECURE_ALWAYS"},"entryPoint":"sendContactEmail","labels":{"deployment-tool":"cli-firebase","firebase-functions-hash":"52182bd75e8dcdd8646463d3da1421b71ecbaeeb"},"sourceUploadUrl":"https://storage.googleapis.com/uploads-872553641819.europe-west1.cloudfunctions.appspot.com/65234adf-53f1-4e48-83b1-0b9ed7213b1c.zip?GoogleAccessId=service-402003342822@gcf-admin-robot.iam.gserviceaccount.com&Expires=1719430747&Signature=HJ2B8y2w0r%2Fzqd2khbAMP65Nb2eA2Y67qVueoefJB8vKSbtca4a3nf1nQtdxaa2m2u%2FPOYw2LuYIHrnvF9Fjr8vaBfTmY%2B8JFLEAOVDMkGqpG9vuKe4pdm5kYUIe0APdRK4hnJ1hLapg2iDeXU1jCrw7XvCOhJ8t6sfjljUqP5O4UksIMPVDurlysXA6vxqSXLz1rITP6eqOrjPM6sP2dIG%2FQI%2BGyFhWBDXv%2Fq4XqzOYU6ht7%2Bda12jRq%2B1F084iQj5dVNjrTpszBdrwyiU5NMMf17fnlu8%2Ft5l6jlHuisLreZZWkFu2Zlx5XvRT32Gs1u2YFvlV8MVHxaq9kUAd1Q%3D%3D","environmentVariables":{"FIREBASE_CONFIG":"{\"projectId\":\"jardica-front-end\",\"storageBucket\":\"jardica-front-end.appspot.com\"}","GCLOUD_PROJECT":"jardica-front-end","EVENTARC_CLOUD_EVENT_SOURCE":"projects/jardica-front-end/locations/europe-west1/functions/sendContactEmail"},"runtime":"nodejs18","buildEnvironmentVariables":{"GOOGLE_NODE_RUN_SCRIPTS":""},"dockerRegistry":"ARTIFACT_REGISTRY"},"versionId":"1","updateTime":"2024-06-26T19:09:25Z"},"done":true,"error":{"code":5,"message":"Build failed: com.google.net.rpc3.client.RpcClientException: <eye3 title='/ArgoAdminNoCloudAudit.CreateBuild, NOT_FOUND'/> APPLICATION_ERROR;google.devtools.cloudbuild.v1/ArgoAdminNoCloudAudit.CreateBuild;generic::not_found: Not found;  Spanner: Not found ServiceAccountInfoDataType for gaia_id: \t 826329942415 include_purged: true;AppErrorCode=5;StartTimeMs=1719428963479;unknown;ResFormat=uncompressed;ServerTimeSec=2.001470671;LogBytes=256;Non-FailFast;EndUserCredsRequested;EffSecLevel=none;ReqFormat=uncompressed;ReqID=b9115cf3b626fcf;GlobalID=0;Server=[2002:a05:66b4:4289:b0:8:198f:8079]:4001"}}
[debug] [2024-06-26T19:09:27.528Z] Got source token undefined for region europe-west1
[error] Build failed: com.google.net.rpc3.client.RpcClientException: <eye3 title='/ArgoAdminNoCloudAudit.CreateBuild, NOT_FOUND'/> APPLICATION_ERROR;google.devtools.cloudbuild.v1/ArgoAdminNoCloudAudit.CreateBuild;generic::not_found: Not found;  Spanner: Not found ServiceAccountInfoDataType for gaia_id: 	 826329942415 include_purged: true;AppErrorCode=5;StartTimeMs=1719428963479;unknown;ResFormat=uncompressed;ServerTimeSec=2.001470671;LogBytes=256;Non-FailFast;EndUserCredsRequested;EffSecLevel=none;ReqFormat=uncompressed;ReqID=b9115cf3b626fcf;GlobalID=0;Server=[2002:a05:66b4:4289:b0:8:198f:8079]:4001
[debug] [2024-06-26T19:09:27.532Z] Total Function Deployment time: 16994
[debug] [2024-06-26T19:09:27.533Z] 1 Functions Deployed
[debug] [2024-06-26T19:09:27.533Z] 1 Functions Errored
[debug] [2024-06-26T19:09:27.533Z] 0 Function Deployments Aborted
[debug] [2024-06-26T19:09:27.534Z] Average Function Deployment time: 16993
[info] 
[info] Functions deploy had errors with the following functions:
	sendContactEmail(europe-west1)
[debug] [2024-06-26T19:09:27.537Z] Not printing URL for HTTPS function. Typically this means it didn't match a filter or we failed deployment
[info] i  functions: cleaning up build files... 
[debug] [2024-06-26T19:09:27.544Z] >>> [apiv2][query] DELETE https://artifactregistry.googleapis.com/v1beta2/projects/jardica-front-end/locations/europe-west1/repositories/gcf-artifacts/packages/send_contact_email [none]
[debug] [2024-06-26T19:09:27.553Z] >>> [apiv2][query] GET https://eu.gcr.io/v2/jardica-front-end/gcf/europe-west1/tags/list [none]
[debug] [2024-06-26T19:09:27.699Z] <<< [apiv2][status] DELETE https://artifactregistry.googleapis.com/v1beta2/projects/jardica-front-end/locations/europe-west1/repositories/gcf-artifacts/packages/send_contact_email 404
[debug] [2024-06-26T19:09:27.700Z] <<< [apiv2][body] DELETE https://artifactregistry.googleapis.com/v1beta2/projects/jardica-front-end/locations/europe-west1/repositories/gcf-artifacts/packages/send_contact_email {"error":{"code":404,"message":"Package \"projects/jardica-front-end/locations/europe-west1/repositories/gcf-artifacts/packages/send_contact_email\" was not found.","status":"NOT_FOUND"}}
[debug] [2024-06-26T19:09:28.464Z] <<< [apiv2][status] GET https://eu.gcr.io/v2/jardica-front-end/gcf/europe-west1/tags/list 404
[debug] [2024-06-26T19:09:28.465Z] <<< [apiv2][body] GET https://eu.gcr.io/v2/jardica-front-end/gcf/europe-west1/tags/list {"errors":[{"code":"NAME_UNKNOWN","message":"Repository \"eu.gcr.io\" not found"}]}
[debug] [2024-06-26T19:09:28.466Z] Failed docker command with error  HTTP Error: 404, Not Found {"name":"FirebaseError","children":[],"context":{"body":{"errors":[{"code":"NAME_UNKNOWN","message":"Repository \"eu.gcr.io\" not found"}],"error":{"message":"Not Found"}},"response":{"statusCode":404}},"exit":1,"message":"HTTP Error: 404, Not Found","status":404}
[debug] [2024-06-26T19:09:28.470Z] >>> [apiv2][query] GET https://eu.gcr.io/v2/jardica-front-end/gcf/europe-west1/tags/list [none]
[debug] [2024-06-26T19:09:28.578Z] <<< [apiv2][status] GET https://eu.gcr.io/v2/jardica-front-end/gcf/europe-west1/tags/list 404
[debug] [2024-06-26T19:09:28.578Z] <<< [apiv2][body] GET https://eu.gcr.io/v2/jardica-front-end/gcf/europe-west1/tags/list {"errors":[{"code":"NAME_UNKNOWN","message":"Repository \"eu.gcr.io\" not found"}]}
[debug] [2024-06-26T19:09:28.579Z] Failed docker command with error  HTTP Error: 404, Not Found {"name":"FirebaseError","children":[],"context":{"body":{"errors":[{"code":"NAME_UNKNOWN","message":"Repository \"eu.gcr.io\" not found"}],"error":{"message":"Not Found"}},"response":{"statusCode":404}},"exit":1,"message":"HTTP Error: 404, Not Found","status":404}
[debug] [2024-06-26T19:09:28.681Z] >>> [apiv2][query] GET https://eu.gcr.io/v2/jardica-front-end/gcf/europe-west1/tags/list [none]
[debug] [2024-06-26T19:09:28.799Z] <<< [apiv2][status] GET https://eu.gcr.io/v2/jardica-front-end/gcf/europe-west1/tags/list 404
[debug] [2024-06-26T19:09:28.800Z] <<< [apiv2][body] GET https://eu.gcr.io/v2/jardica-front-end/gcf/europe-west1/tags/list {"errors":[{"code":"NAME_UNKNOWN","message":"Repository \"eu.gcr.io\" not found"}]}
[debug] [2024-06-26T19:09:28.800Z] Failed docker command with error  HTTP Error: 404, Not Found {"name":"FirebaseError","children":[],"context":{"body":{"errors":[{"code":"NAME_UNKNOWN","message":"Repository \"eu.gcr.io\" not found"}],"error":{"message":"Not Found"}},"response":{"statusCode":404}},"exit":1,"message":"HTTP Error: 404, Not Found","status":404}
[warn] ⚠  functions: Unhandled error cleaning up build images. This could result in a small monthly bill if not corrected. You can attempt to delete these images by redeploying or you can delete them manually at https://console.cloud.google.com/gcr/images/jardica-front-end/eu/gcf 
[debug] [2024-06-26T19:09:28.802Z] Functions deploy failed.
[debug] [2024-06-26T19:09:28.802Z] {
  "endpoint": {
    "id": "sendContactEmail",
    "project": "jardica-front-end",
    "region": "europe-west1",
    "entryPoint": "sendContactEmail",
    "platform": "gcfv1",
    "runtime": "nodejs18",
    "httpsTrigger": {},
    "ingressSettings": null,
    "availableMemoryMb": null,
    "serviceAccount": null,
    "timeoutSeconds": null,
    "maxInstances": null,
    "minInstances": null,
    "vpc": null,
    "environmentVariables": {
      "FIREBASE_CONFIG": "{\"projectId\":\"jardica-front-end\",\"storageBucket\":\"jardica-front-end.appspot.com\"}",
      "GCLOUD_PROJECT": "jardica-front-end",
      "EVENTARC_CLOUD_EVENT_SOURCE": "projects/jardica-front-end/locations/europe-west1/functions/sendContactEmail"
    },
    "codebase": "default",
    "targetedByOnly": false,
    "hash": "52182bd75e8dcdd8646463d3da1421b71ecbaeeb",
    "labels": {
      "deployment-tool": "cli-firebase"
    }
  },
  "op": "create",
  "original": {
    "name": "FirebaseError",
    "children": [],
    "exit": 1,
    "message": "Build failed: com.google.net.rpc3.client.RpcClientException: <eye3 title='/ArgoAdminNoCloudAudit.CreateBuild, NOT_FOUND'/> APPLICATION_ERROR;google.devtools.cloudbuild.v1/ArgoAdminNoCloudAudit.CreateBuild;generic::not_found: Not found;  Spanner: Not found ServiceAccountInfoDataType for gaia_id: \t 826329942415 include_purged: true;AppErrorCode=5;StartTimeMs=1719428963479;unknown;ResFormat=uncompressed;ServerTimeSec=2.001470671;LogBytes=256;Non-FailFast;EndUserCredsRequested;EffSecLevel=none;ReqFormat=uncompressed;ReqID=b9115cf3b626fcf;GlobalID=0;Server=[2002:a05:66b4:4289:b0:8:198f:8079]:4001",
    "original": {
      "code": 5,
      "message": "Build failed: com.google.net.rpc3.client.RpcClientException: <eye3 title='/ArgoAdminNoCloudAudit.CreateBuild, NOT_FOUND'/> APPLICATION_ERROR;google.devtools.cloudbuild.v1/ArgoAdminNoCloudAudit.CreateBuild;generic::not_found: Not found;  Spanner: Not found ServiceAccountInfoDataType for gaia_id: \t 826329942415 include_purged: true;AppErrorCode=5;StartTimeMs=1719428963479;unknown;ResFormat=uncompressed;ServerTimeSec=2.001470671;LogBytes=256;Non-FailFast;EndUserCredsRequested;EffSecLevel=none;ReqFormat=uncompressed;ReqID=b9115cf3b626fcf;GlobalID=0;Server=[2002:a05:66b4:4289:b0:8:198f:8079]:4001"
    },
    "status": 5,
    "code": 5
  }
}
[debug] [2024-06-26T19:09:28.804Z] Error: Failed to create function sendContactEmail in region europe-west1
    at /home/lucas/.nvm/versions/node/v18.19.1/lib/node_modules/firebase-tools/lib/deploy/functions/release/fabricator.js:52:11
    at process.processTicksAndRejections (node:internal/process/task_queues:95:5)
    at async Fabricator.createV1Function (/home/lucas/.nvm/versions/node/v18.19.1/lib/node_modules/firebase-tools/lib/deploy/functions/release/fabricator.js:182:32)
    at async Fabricator.createEndpoint (/home/lucas/.nvm/versions/node/v18.19.1/lib/node_modules/firebase-tools/lib/deploy/functions/release/fabricator.js:134:13)
    at async handle (/home/lucas/.nvm/versions/node/v18.19.1/lib/node_modules/firebase-tools/lib/deploy/functions/release/fabricator.js:89:17)
[error] 
[error] Error: There was an error deploying functions
